[2026-05-13T05:50:55.955Z] CRITICAL: service-auth — Status: BROKEN
[2026-05-13T05:50:55.963Z] CRITICAL: service-payment — fetch failed
[2026-05-13T05:51:05.941Z] CRITICAL: service-payment — fetch failed
[2026-05-13T05:51:05.949Z] CRITICAL: service-auth — Status: BROKEN
[2026-05-13T05:51:16.002Z] CRITICAL: service-payment — fetch failed
[2026-05-13T05:51:16.009Z] CRITICAL: service-auth — Status: BROKEN
[2026-05-13T05:51:25.939Z] CRITICAL: service-auth — Status: BROKEN
[2026-05-13T05:51:25.946Z] CRITICAL: service-payment — fetch failed
[2026-05-13T05:51:35.965Z] CRITICAL: service-auth — Status: BROKEN
[2026-05-13T05:51:35.972Z] CRITICAL: service-payment — fetch failed
[2026-05-13T05:51:45.980Z] CRITICAL: service-payment — fetch failed
[2026-05-13T05:51:45.987Z] CRITICAL: service-auth — Status: BROKEN
[2026-05-13T05:51:56.001Z] CRITICAL: service-auth — Status: BROKEN
[2026-05-13T05:51:56.011Z] CRITICAL: service-payment — fetch failed
[2026-05-13T05:52:05.989Z] CRITICAL: service-payment — fetch failed
[2026-05-13T05:52:05.997Z] CRITICAL: service-auth — Status: BROKEN
[2026-05-13T05:52:15.989Z] CRITICAL: service-auth — Status: BROKEN
[2026-05-13T05:52:15.996Z] CRITICAL: service-payment — fetch failed
[2026-05-13T05:52:26.062Z] CRITICAL: service-auth — fetch failed
[2026-05-13T05:52:26.075Z] CRITICAL: service-payment — fetch failed
[2026-05-13T06:33:46.078Z] Bug Type 1 - Added syntax error on line 2 applied to service-inventory
[2026-05-13T06:33:52.907Z] CRITICAL: service-inventory — fetch failed
[2026-05-13T06:34:02.966Z] CRITICAL: service-inventory — fetch failed
[2026-05-13T06:34:12.908Z] CRITICAL: service-inventory — fetch failed
[2026-05-13T06:34:22.983Z] CRITICAL: service-inventory — fetch failed
[2026-05-13T06:34:32.871Z] CRITICAL: service-inventory — fetch failed
[2026-05-13T06:34:42.875Z] CRITICAL: service-inventory — fetch failed
[2026-05-13T06:34:52.918Z] CRITICAL: service-inventory — fetch failed
[2026-05-13T06:35:02.924Z] CRITICAL: service-inventory — fetch failed
[2026-05-13T06:35:12.931Z] CRITICAL: service-inventory — fetch failed
[2026-05-13T06:35:22.919Z] CRITICAL: service-inventory — fetch failed
[2026-05-13T06:35:32.946Z] CRITICAL: service-inventory — fetch failed
[2026-05-13T06:35:42.996Z] CRITICAL: service-inventory — fetch failed
[2026-05-13T06:35:53.018Z] CRITICAL: service-inventory — fetch failed
[2026-05-13T06:36:02.975Z] CRITICAL: service-inventory — fetch failed
[2026-05-13T06:36:12.975Z] CRITICAL: service-inventory — fetch failed
[2026-05-13T06:36:22.949Z] CRITICAL: service-inventory — fetch failed
[2026-05-13T06:36:32.992Z] CRITICAL: service-inventory — fetch failed
[2026-05-13T06:36:42.999Z] CRITICAL: service-inventory — fetch failed
[2026-05-13T06:36:53.032Z] CRITICAL: service-inventory — fetch failed
[2026-05-13T06:37:03.026Z] CRITICAL: service-inventory — fetch failed
[2026-05-13T06:37:13.031Z] CRITICAL: service-inventory — fetch failed
[2026-05-13T06:37:23.039Z] CRITICAL: service-inventory — fetch failed
[2026-05-13T06:37:33.075Z] CRITICAL: service-inventory — fetch failed
[2026-05-13T06:37:43.055Z] CRITICAL: service-inventory — fetch failed
[2026-05-13T06:37:53.069Z] CRITICAL: service-inventory — fetch failed
[2026-05-13T06:38:03.143Z] CRITICAL: service-inventory — fetch failed
[2026-05-13T06:38:13.183Z] CRITICAL: service-inventory — fetch failed
[2026-05-13T06:38:23.165Z] CRITICAL: service-inventory — fetch failed
[2026-05-13T06:38:33.120Z] CRITICAL: service-inventory — fetch failed
[2026-05-13T06:38:43.184Z] CRITICAL: service-inventory — fetch failed
[2026-05-13T06:38:53.080Z] CRITICAL: service-inventory — fetch failed
[2026-05-13T06:39:03.080Z] CRITICAL: service-inventory — fetch failed
[2026-05-13T06:39:13.138Z] CRITICAL: service-inventory — fetch failed
[2026-05-13T06:39:23.150Z] CRITICAL: service-inventory — fetch failed
[2026-05-13T06:39:33.139Z] CRITICAL: service-inventory — fetch failed
[2026-05-13T06:39:43.096Z] CRITICAL: service-inventory — fetch failed
[2026-05-13T06:39:53.162Z] CRITICAL: service-inventory — fetch failed
[2026-05-13T06:40:03.151Z] CRITICAL: service-inventory — fetch failed
[2026-05-13T06:40:13.149Z] CRITICAL: service-inventory — fetch failed
[2026-05-13T06:40:23.170Z] CRITICAL: service-inventory — fetch failed
[2026-05-13T06:40:33.198Z] CRITICAL: service-inventory — fetch failed
[2026-05-13T06:40:43.199Z] CRITICAL: service-inventory — fetch failed
[2026-05-13T06:40:53.197Z] CRITICAL: service-inventory — fetch failed
[2026-05-13T06:41:03.159Z] CRITICAL: service-inventory — fetch failed
[2026-05-13T06:41:13.165Z] CRITICAL: service-inventory — fetch failed
[2026-05-13T06:41:23.139Z] CRITICAL: service-inventory — fetch failed
[2026-05-13T06:41:33.152Z] CRITICAL: service-inventory — fetch failed
[2026-05-13T06:41:43.200Z] CRITICAL: service-inventory — fetch failed
[2026-05-13T06:41:53.214Z] CRITICAL: service-inventory — fetch failed
[2026-05-13T06:42:03.238Z] CRITICAL: service-inventory — fetch failed
[2026-05-13T06:42:13.264Z] CRITICAL: service-inventory — fetch failed
[2026-05-13T06:42:23.331Z] CRITICAL: service-inventory — fetch failed
[2026-05-13T06:42:33.303Z] CRITICAL: service-inventory — fetch failed
[2026-05-13T06:42:43.325Z] CRITICAL: service-inventory — fetch failed
[2026-05-13T06:42:53.361Z] CRITICAL: service-inventory — fetch failed
[2026-05-13T06:43:03.366Z] CRITICAL: service-inventory — fetch failed
[2026-05-13T06:43:13.390Z] CRITICAL: service-inventory — fetch failed
[2026-05-13T06:43:23.442Z] CRITICAL: service-inventory — fetch failed
[2026-05-13T06:43:33.381Z] CRITICAL: service-inventory — fetch failed
[2026-05-13T06:43:43.361Z] CRITICAL: service-inventory — fetch failed
[2026-05-13T06:43:53.360Z] CRITICAL: service-inventory — fetch failed
[2026-05-13T06:44:03.359Z] CRITICAL: service-inventory — fetch failed
[2026-05-13T06:44:13.398Z] CRITICAL: service-inventory — fetch failed
[2026-05-13T06:44:23.365Z] CRITICAL: service-inventory — fetch failed
[2026-05-13T06:44:33.373Z] CRITICAL: service-inventory — fetch failed
[2026-05-13T06:44:43.383Z] CRITICAL: service-inventory — fetch failed
[2026-05-13T06:44:53.385Z] CRITICAL: service-inventory — fetch failed
[2026-05-13T06:45:03.387Z] CRITICAL: service-inventory — fetch failed
[2026-05-13T06:45:13.402Z] CRITICAL: service-inventory — fetch failed
[2026-05-13T06:45:23.406Z] CRITICAL: service-inventory — fetch failed
[2026-05-13T06:45:33.409Z] CRITICAL: service-inventory — fetch failed
[2026-05-13T06:45:43.417Z] CRITICAL: service-inventory — fetch failed
[2026-05-13T06:45:53.415Z] CRITICAL: service-inventory — fetch failed
[2026-05-13T06:46:03.432Z] CRITICAL: service-inventory — fetch failed
[2026-05-13T06:46:13.435Z] CRITICAL: service-inventory — fetch failed
[2026-05-13T06:46:23.444Z] CRITICAL: service-inventory — fetch failed
[2026-05-13T06:46:33.468Z] CRITICAL: service-inventory — fetch failed
[2026-05-13T06:46:43.503Z] CRITICAL: service-inventory — fetch failed
[2026-05-13T06:46:53.496Z] CRITICAL: service-inventory — fetch failed
[2026-05-13T06:47:03.495Z] CRITICAL: service-inventory — fetch failed
[2026-05-13T06:47:13.511Z] CRITICAL: service-inventory — fetch failed
[2026-05-13T06:47:23.528Z] CRITICAL: service-inventory — fetch failed
[2026-05-13T06:47:33.604Z] CRITICAL: service-inventory — fetch failed
[2026-05-13T06:47:43.519Z] CRITICAL: service-inventory — fetch failed
[2026-05-13T06:47:53.574Z] CRITICAL: service-inventory — fetch failed
[2026-05-13T06:48:03.482Z] CRITICAL: service-inventory — fetch failed
[2026-05-13T06:48:13.576Z] CRITICAL: service-inventory — fetch failed
[2026-05-13T06:48:23.527Z] CRITICAL: service-inventory — fetch failed
[2026-05-13T06:48:33.494Z] CRITICAL: service-inventory — fetch failed
[2026-05-13T06:48:43.546Z] CRITICAL: service-inventory — fetch failed
[2026-05-13T06:48:53.552Z] CRITICAL: service-inventory — fetch failed
[2026-05-13T06:49:03.513Z] CRITICAL: service-inventory — fetch failed
[2026-05-13T06:49:13.556Z] CRITICAL: service-inventory — fetch failed
[2026-05-13T06:49:23.603Z] CRITICAL: service-inventory — fetch failed
[2026-05-13T06:49:33.621Z] CRITICAL: service-inventory — fetch failed
[2026-05-13T06:49:43.626Z] CRITICAL: service-inventory — fetch failed
[2026-05-13T06:49:53.685Z] CRITICAL: service-inventory — fetch failed
[2026-05-13T06:50:03.649Z] CRITICAL: service-inventory — fetch failed
[2026-05-13T06:50:13.634Z] CRITICAL: service-inventory — fetch failed
[2026-05-13T06:50:23.609Z] CRITICAL: service-inventory — fetch failed
[2026-05-13T06:50:33.624Z] CRITICAL: service-inventory — fetch failed
[2026-05-13T06:50:43.633Z] CRITICAL: service-inventory — fetch failed
[2026-05-13T06:50:53.634Z] CRITICAL: service-inventory — fetch failed
[2026-05-13T06:51:03.723Z] CRITICAL: service-inventory — fetch failed
[2026-05-13T06:51:13.661Z] CRITICAL: service-inventory — fetch failed
[2026-05-13T06:51:23.620Z] CRITICAL: service-inventory — fetch failed
[2026-05-13T06:51:33.622Z] CRITICAL: service-inventory — fetch failed
[2026-05-13T06:51:43.735Z] CRITICAL: service-inventory — fetch failed
[2026-05-13T06:51:53.642Z] CRITICAL: service-inventory — fetch failed
[2026-05-13T06:52:03.709Z] CRITICAL: service-inventory — fetch failed
[2026-05-13T06:52:13.686Z] CRITICAL: service-inventory — fetch failed
[2026-05-13T06:52:23.673Z] CRITICAL: service-inventory — fetch failed
[2026-05-13T06:52:33.659Z] CRITICAL: service-inventory — fetch failed
[2026-05-13T06:52:43.671Z] CRITICAL: service-inventory — fetch failed
[2026-05-13T06:52:53.686Z] CRITICAL: service-inventory — fetch failed
[2026-05-13T06:53:03.749Z] CRITICAL: service-inventory — fetch failed
[2026-05-13T06:53:13.748Z] CRITICAL: service-inventory — fetch failed
[2026-05-13T06:53:23.754Z] CRITICAL: service-inventory — fetch failed
[2026-05-13T06:53:33.767Z] CRITICAL: service-inventory — fetch failed
[2026-05-13T06:53:43.721Z] CRITICAL: service-inventory — fetch failed
[2026-05-13T06:53:53.776Z] CRITICAL: service-inventory — fetch failed
[2026-05-13T06:54:03.829Z] CRITICAL: service-inventory — fetch failed
[2026-05-13T06:54:13.844Z] CRITICAL: service-inventory — fetch failed
[2026-05-13T06:54:23.785Z] CRITICAL: service-inventory — fetch failed
[2026-05-13T06:54:33.840Z] CRITICAL: service-inventory — fetch failed
[2026-05-13T06:54:43.776Z] CRITICAL: service-inventory — fetch failed
[2026-05-13T06:54:53.776Z] CRITICAL: service-inventory — fetch failed
[2026-05-13T06:55:03.899Z] CRITICAL: service-inventory — fetch failed
[2026-05-13T06:55:13.850Z] CRITICAL: service-inventory — fetch failed
[2026-05-13T06:55:23.811Z] CRITICAL: service-inventory — fetch failed
[2026-05-13T06:55:33.858Z] CRITICAL: service-inventory — fetch failed
[2026-05-13T06:55:43.856Z] CRITICAL: service-inventory — fetch failed
[2026-05-13T06:55:53.919Z] CRITICAL: service-inventory — fetch failed
[2026-05-13T06:56:03.924Z] CRITICAL: service-inventory — fetch failed
[2026-05-13T06:56:13.946Z] CRITICAL: service-inventory — fetch failed
[2026-05-13T06:56:23.949Z] CRITICAL: service-inventory — fetch failed
[2026-05-13T06:56:33.954Z] CRITICAL: service-inventory — fetch failed
[2026-05-13T06:56:43.904Z] CRITICAL: service-inventory — fetch failed
[2026-05-13T06:56:53.941Z] CRITICAL: service-inventory — fetch failed
[2026-05-13T06:57:03.949Z] CRITICAL: service-inventory — fetch failed
[2026-05-13T06:57:13.953Z] CRITICAL: service-inventory — fetch failed
[2026-05-13T06:57:23.929Z] CRITICAL: service-inventory — fetch failed
[2026-05-13T06:57:34.013Z] CRITICAL: service-inventory — fetch failed
[2026-05-13T06:57:44.064Z] CRITICAL: service-inventory — fetch failed
[2026-05-13T06:57:53.953Z] CRITICAL: service-inventory — fetch failed
[2026-05-13T06:58:04.036Z] CRITICAL: service-inventory — fetch failed
[2026-05-13T06:58:13.967Z] CRITICAL: service-inventory — fetch failed
[2026-05-13T06:58:24.066Z] CRITICAL: service-inventory — fetch failed
[2026-05-13T06:58:33.983Z] CRITICAL: service-inventory — fetch failed
[2026-05-13T06:58:44.117Z] CRITICAL: service-inventory — fetch failed
[2026-05-13T06:58:54.017Z] CRITICAL: service-inventory — fetch failed
[2026-05-13T06:59:04.111Z] CRITICAL: service-inventory — fetch failed
[2026-05-13T06:59:14.079Z] CRITICAL: service-inventory — fetch failed
[2026-05-13T06:59:24.096Z] CRITICAL: service-inventory — fetch failed
[2026-05-13T06:59:34.161Z] CRITICAL: service-inventory — fetch failed
[2026-05-13T06:59:44.117Z] CRITICAL: service-inventory — fetch failed
[2026-05-13T06:59:54.132Z] CRITICAL: service-inventory — fetch failed
[2026-05-13T07:00:04.134Z] CRITICAL: service-inventory — fetch failed
[2026-05-13T07:00:14.155Z] CRITICAL: service-inventory — fetch failed
[2026-05-13T07:00:24.100Z] CRITICAL: service-inventory — fetch failed
[2026-05-13T07:00:34.224Z] CRITICAL: service-inventory — fetch failed
[2026-05-13T07:00:44.168Z] CRITICAL: service-inventory — fetch failed
[2026-05-13T07:00:54.183Z] CRITICAL: service-inventory — fetch failed
[2026-05-13T07:01:04.133Z] CRITICAL: service-inventory — fetch failed
[2026-05-13T07:01:14.186Z] CRITICAL: service-inventory — fetch failed
[2026-05-13T07:01:24.213Z] CRITICAL: service-inventory — fetch failed
[2026-05-13T07:01:34.227Z] CRITICAL: service-inventory — fetch failed
[2026-05-13T07:01:44.224Z] CRITICAL: service-inventory — fetch failed
[2026-05-13T07:01:54.166Z] CRITICAL: service-inventory — fetch failed
[2026-05-13T07:02:04.232Z] CRITICAL: service-inventory — fetch failed
[2026-05-13T07:02:14.229Z] CRITICAL: service-inventory — fetch failed
[2026-05-13T07:02:24.234Z] CRITICAL: service-inventory — fetch failed
[2026-05-13T07:02:34.249Z] CRITICAL: service-inventory — fetch failed
[2026-05-13T07:02:44.247Z] CRITICAL: service-inventory — fetch failed
[2026-05-13T07:02:54.260Z] CRITICAL: service-inventory — fetch failed
[2026-05-13T07:03:04.194Z] CRITICAL: service-inventory — fetch failed
[2026-05-13T07:03:14.307Z] CRITICAL: service-inventory — fetch failed
[2026-05-13T07:03:24.209Z] CRITICAL: service-inventory — fetch failed
[2026-05-13T07:03:34.219Z] CRITICAL: service-inventory — fetch failed
[2026-05-13T07:03:44.272Z] CRITICAL: service-inventory — fetch failed
[2026-05-13T07:03:54.230Z] CRITICAL: service-inventory — fetch failed
[2026-05-13T07:04:04.237Z] CRITICAL: service-inventory — fetch failed
[2026-05-13T07:04:14.248Z] CRITICAL: service-inventory — fetch failed
[2026-05-13T07:04:24.406Z] CRITICAL: service-inventory — fetch failed
[2026-05-13T07:04:34.279Z] CRITICAL: service-inventory — fetch failed
[2026-05-13T07:04:44.279Z] CRITICAL: service-inventory — fetch failed
[2026-05-13T07:04:54.330Z] CRITICAL: service-inventory — fetch failed
[2026-05-13T07:05:04.345Z] CRITICAL: service-inventory — fetch failed
[2026-05-13T07:05:14.339Z] CRITICAL: service-inventory — fetch failed
[2026-05-13T07:05:24.347Z] CRITICAL: service-inventory — fetch failed
[2026-05-13T07:05:34.410Z] CRITICAL: service-inventory — fetch failed
[2026-05-13T07:05:44.483Z] CRITICAL: service-inventory — fetch failed
[2026-05-13T07:05:54.371Z] CRITICAL: service-inventory — fetch failed
[2026-05-13T07:06:04.327Z] CRITICAL: service-inventory — fetch failed
[2026-05-13T07:06:14.357Z] CRITICAL: service-inventory — fetch failed
[2026-05-13T07:06:24.417Z] CRITICAL: service-inventory — fetch failed
[2026-05-13T07:06:34.412Z] CRITICAL: service-inventory — fetch failed
[2026-05-13T07:06:44.356Z] CRITICAL: service-inventory — fetch failed
[2026-05-13T07:06:54.405Z] CRITICAL: service-inventory — fetch failed
[2026-05-13T07:07:04.366Z] CRITICAL: service-inventory — fetch failed
[2026-05-13T07:07:14.375Z] CRITICAL: service-inventory — fetch failed
[2026-05-13T07:07:24.521Z] CRITICAL: service-inventory — fetch failed
[2026-05-13T07:07:34.449Z] CRITICAL: service-inventory — fetch failed
[2026-05-13T07:07:52.898Z] CRITICAL: service-inventory — fetch failed
[2026-05-13T07:07:54.447Z] CRITICAL: service-inventory — fetch failed
[2026-05-13T07:08:04.487Z] CRITICAL: service-inventory — fetch failed
[2026-05-13T07:08:14.477Z] CRITICAL: service-inventory — fetch failed
[2026-05-13T07:08:24.513Z] CRITICAL: service-inventory — fetch failed
[2026-05-13T07:08:34.463Z] CRITICAL: service-inventory — fetch failed
[2026-05-13T07:08:44.521Z] CRITICAL: service-inventory — fetch failed
[2026-05-13T07:08:54.512Z] CRITICAL: service-inventory — fetch failed
[2026-05-13T07:09:04.501Z] CRITICAL: service-inventory — fetch failed
[2026-05-13T07:55:22.128Z] CRITICAL: service-inventory — fetch failed
